<?xml version="1.0" encoding="UTF-8"?>
<testng-results skipped="0" failed="0" ignored="0" total="1" passed="1">
  <reporter-output>
  </reporter-output>
  <suite name="Default suite" duration-ms="15097" started-at="2021-04-29T21:42:07 EDT" finished-at="2021-04-29T21:42:22 EDT">
    <groups>
    </groups>
    <test name="Default test" duration-ms="15097" started-at="2021-04-29T21:42:07 EDT" finished-at="2021-04-29T21:42:22 EDT">
      <class name="BIanca.newWindow">
        <test-method status="PASS" signature="open()[pri:0, instance:BIanca.newWindow@9a7504c]" name="open" is-config="true" duration-ms="6213" started-at="2021-04-29T21:42:07 EDT" finished-at="2021-04-29T21:42:14 EDT">
          <reporter-output>
          </reporter-output>
        </test-method> <!-- open -->
        <test-method status="PASS" signature="test()[pri:0, instance:BIanca.newWindow@9a7504c]" name="test" duration-ms="8823" started-at="2021-04-29T21:42:14 EDT" finished-at="2021-04-29T21:42:22 EDT">
          <reporter-output>
          </reporter-output>
        </test-method> <!-- test -->
      </class> <!-- BIanca.newWindow -->
    </test> <!-- Default test -->
  </suite> <!-- Default suite -->
</testng-results>
