<?xml version="1.0" encoding="UTF-8"?>
<testng-results skipped="0" failed="0" ignored="0" total="1" passed="1">
  <reporter-output>
  </reporter-output>
  <suite name="Default suite" duration-ms="17692" started-at="2021-04-27T22:31:37 EDT" finished-at="2021-04-27T22:31:55 EDT">
    <groups>
    </groups>
    <test name="Default test" duration-ms="17692" started-at="2021-04-27T22:31:37 EDT" finished-at="2021-04-27T22:31:55 EDT">
      <class name="BIanca.volunteerSignUp">
        <test-method status="PASS" signature="open()[pri:0, instance:BIanca.volunteerSignUp@2c039ac6]" name="open" is-config="true" duration-ms="5444" started-at="2021-04-27T22:31:37 EDT" finished-at="2021-04-27T22:31:42 EDT">
          <reporter-output>
          </reporter-output>
        </test-method> <!-- open -->
        <test-method status="PASS" signature="test()[pri:0, instance:BIanca.volunteerSignUp@2c039ac6]" name="test" duration-ms="12204" started-at="2021-04-27T22:31:43 EDT" finished-at="2021-04-27T22:31:55 EDT">
          <reporter-output>
          </reporter-output>
        </test-method> <!-- test -->
        <test-method status="PASS" signature="close()[pri:0, instance:BIanca.volunteerSignUp@2c039ac6]" name="close" is-config="true" duration-ms="1" started-at="2021-04-27T22:31:55 EDT" finished-at="2021-04-27T22:31:55 EDT">
          <reporter-output>
          </reporter-output>
        </test-method> <!-- close -->
      </class> <!-- BIanca.volunteerSignUp -->
    </test> <!-- Default test -->
  </suite> <!-- Default suite -->
</testng-results>
